[2024-08-08 15:11:49.373]: entering -- org.netbeans.installer.Installer.main():61
[2024-08-08 15:11:49.375]: initializing the installer engine
[2024-08-08 15:11:49.375]:     entering -- org.netbeans.installer.Installer.<init>():96
[2024-08-08 15:11:49.375]:     ... initializing ErrorHandler
[2024-08-08 15:11:49.376]:     ... end of ErrorHandler initialization
[2024-08-08 15:11:49.376]:     exiting -- org.netbeans.installer.Installer.<init>():96
[2024-08-08 15:11:49.376]:     entering -- org.netbeans.installer.Installer.<init>():97
[2024-08-08 15:11:49.376]:     dumping target system information
[2024-08-08 15:11:49.376]:         system properties:
[2024-08-08 15:11:49.379]:             awt.toolkit => sun.awt.windows.WToolkit
[2024-08-08 15:11:49.379]:             file.encoding => Cp1252
[2024-08-08 15:11:49.379]:             file.encoding.pkg => sun.io
[2024-08-08 15:11:49.379]:             file.separator => \
[2024-08-08 15:11:49.379]:             java.awt.graphicsenv => sun.awt.Win32GraphicsEnvironment
[2024-08-08 15:11:49.379]:             java.awt.printerjob => sun.awt.windows.WPrinterJob
[2024-08-08 15:11:49.379]:             java.class.path => C:\Users\ngzhe\AppData\Local\Temp\\NBI89946.tmp\bundle.jar
[2024-08-08 15:11:49.379]:             java.class.version => 52.0
[2024-08-08 15:11:49.379]:             java.endorsed.dirs => C:\Program Files\Java\New folder\lib\endorsed
[2024-08-08 15:11:49.379]:             java.ext.dirs => C:\Program Files\Java\New folder\lib\ext;C:\Windows\Sun\Java\lib\ext
[2024-08-08 15:11:49.379]:             java.home => C:\Program Files\Java\New folder
[2024-08-08 15:11:49.379]:             java.io.tmpdir => C:\Users\ngzhe\AppData\Local\Temp\
[2024-08-08 15:11:49.379]:             java.library.path => C:\Program Files\Java\New folder\bin;C:\Windows\Sun\Java\bin;C:\Windows\system32;C:\Windows;C:\Program Files\Common Files\Oracle\Java\javapath;C:\Program Files (x86)\Common Files\Oracle\Java\javapath;C:\Windows\system32;C:\Windows;C:\Windows\System32\Wbem;C:\Windows\System32\WindowsPowerShell\v1.0\;C:\Windows\System32\OpenSSH\;C:\Users\ngzhe\AppData\Local\Microsoft\WindowsApps;C:\Users\ngzhe\AppData\Local\Programs\Microsoft VS Code\bin;.
[2024-08-08 15:11:49.379]:             java.runtime.name => Java(TM) SE Runtime Environment
[2024-08-08 15:11:49.379]:             java.runtime.version => 1.8.0_251-b08
[2024-08-08 15:11:49.379]:             java.specification.name => Java Platform API Specification
[2024-08-08 15:11:49.379]:             java.specification.vendor => Oracle Corporation
[2024-08-08 15:11:49.379]:             java.specification.version => 1.8
[2024-08-08 15:11:49.379]:             java.vendor => Oracle Corporation
[2024-08-08 15:11:49.379]:             java.vendor.url => http://java.oracle.com/
[2024-08-08 15:11:49.379]:             java.vendor.url.bug => http://bugreport.sun.com/bugreport/
[2024-08-08 15:11:49.379]:             java.version => 1.8.0_251
[2024-08-08 15:11:49.379]:             java.vm.info => mixed mode
[2024-08-08 15:11:49.379]:             java.vm.name => Java HotSpot(TM) 64-Bit Server VM
[2024-08-08 15:11:49.379]:             java.vm.specification.name => Java Virtual Machine Specification
[2024-08-08 15:11:49.379]:             java.vm.specification.vendor => Oracle Corporation
[2024-08-08 15:11:49.380]:             java.vm.specification.version => 1.8
[2024-08-08 15:11:49.380]:             java.vm.vendor => Oracle Corporation
[2024-08-08 15:11:49.380]:             java.vm.version => 25.251-b08
[2024-08-08 15:11:49.380]:             line.separator => 
[2024-08-08 15:11:49.380]:             netbeans.default_cachedir_root => C:\Users\ngzhe\AppData\Local\NetBeans\Cache
[2024-08-08 15:11:49.380]:             netbeans.default_userdir_root => C:\Users\ngzhe\AppData\Roaming\NetBeans
[2024-08-08 15:11:49.381]:             os.arch => amd64
[2024-08-08 15:11:49.381]:             os.name => Windows 10
[2024-08-08 15:11:49.381]:             os.version => 10.0
[2024-08-08 15:11:49.381]:             path.separator => ;
[2024-08-08 15:11:49.381]:             sun.arch.data.model => 64
[2024-08-08 15:11:49.381]:             sun.boot.class.path => C:\Program Files\Java\New folder\lib\resources.jar;C:\Program Files\Java\New folder\lib\rt.jar;C:\Program Files\Java\New folder\lib\sunrsasign.jar;C:\Program Files\Java\New folder\lib\jsse.jar;C:\Program Files\Java\New folder\lib\jce.jar;C:\Program Files\Java\New folder\lib\charsets.jar;C:\Program Files\Java\New folder\lib\jfr.jar;C:\Program Files\Java\New folder\classes
[2024-08-08 15:11:49.381]:             sun.boot.library.path => C:\Program Files\Java\New folder\bin
[2024-08-08 15:11:49.381]:             sun.cpu.endian => little
[2024-08-08 15:11:49.381]:             sun.cpu.isalist => amd64
[2024-08-08 15:11:49.381]:             sun.desktop => windows
[2024-08-08 15:11:49.381]:             sun.io.unicode.encoding => UnicodeLittle
[2024-08-08 15:11:49.381]:             sun.java.command => org.netbeans.installer.Installer
[2024-08-08 15:11:49.381]:             sun.java.launcher => SUN_STANDARD
[2024-08-08 15:11:49.381]:             sun.jnu.encoding => Cp1252
[2024-08-08 15:11:49.381]:             sun.management.compiler => HotSpot 64-Bit Tiered Compilers
[2024-08-08 15:11:49.381]:             sun.os.patch.level => 
[2024-08-08 15:11:49.381]:             user.country => MY
[2024-08-08 15:11:49.381]:             user.dir => C:\Users\ngzhe\Downloads
[2024-08-08 15:11:49.381]:             user.home => C:\Users\ngzhe
[2024-08-08 15:11:49.381]:             user.language => en
[2024-08-08 15:11:49.381]:             user.name => ngzhe
[2024-08-08 15:11:49.381]:             user.script => 
[2024-08-08 15:11:49.381]:             user.timezone => Asia/Singapore
[2024-08-08 15:11:49.381]:             user.variant => 
[2024-08-08 15:11:49.381]:     ... end of target system information
[2024-08-08 15:11:49.382]:     exiting -- org.netbeans.installer.Installer.<init>():97
[2024-08-08 15:11:49.404]:     loading jni library
[2024-08-08 15:11:49.404]:         library resource path: native/jnilib/windows/windows-x64.dll
[2024-08-08 15:11:49.607]:         library file path: C:\Users\ngzhe\AppData\Local\Temp\nbi-5658108532322016830.tmp
[2024-08-08 15:11:49.614]:         ... successfully loaded the library
[2024-08-08 15:11:49.617]:     entering -- org.netbeans.installer.Installer.<init>():102
[2024-08-08 15:11:49.617]:     parsing command-line arguments
[2024-08-08 15:11:49.619]:         ... no command line arguments were specified
[2024-08-08 15:11:49.619]:     ... finished parsing command line arguments
[2024-08-08 15:11:49.619]:     exiting -- org.netbeans.installer.Installer.<init>():102
[2024-08-08 15:11:49.619]:     entering -- org.netbeans.installer.Installer.<init>():103
[2024-08-08 15:11:49.619]:     loading engine properties
[2024-08-08 15:11:49.619]:         loading engine properties
[2024-08-08 15:11:49.620]:             loading nbi.wizard.ui.swing.frame.width.default => 600
[2024-08-08 15:11:49.620]:             loading nbi.wizard.ui.swing.frame.width.gtk => 704
[2024-08-08 15:11:49.620]:             loading nbi.wizard.ui.swing.frame.head.right.image => resource:org/netbeans/installer/wizard/wizard-description-background.png
[2024-08-08 15:11:49.620]:             loading nbi.wizard.ui.swing.frame.minimum.width.nimbus => 624
[2024-08-08 15:11:49.620]:             loading nbi.wizard.ui.swing.frame.minimum.height.win.xp => 450
[2024-08-08 15:11:49.620]:             loading nbi.wizard.ui.swing.frame.minimum.height.nimbus => 512
[2024-08-08 15:11:49.620]:             loading nbi.wizard.ui.swing.frame.title.prefix => Apache NetBeans IDE Installer
[2024-08-08 15:11:49.620]:             loading nbi.wizard.ui.swing.frame.width.nimbus => 624
[2024-08-08 15:11:49.620]:             loading nbi.wizard.ui.swing.frame.width.win.xp => 600
[2024-08-08 15:11:49.620]:             loading nbi.overall.license.jdk5.resource => org/netbeans/installer/product/components/netbeans-license-jdk5.txt
[2024-08-08 15:11:49.620]:             loading nbi.wizard.ui.swing.frame.minimum.height.win.classic => 442
[2024-08-08 15:11:49.620]:             loading nbi.overall.license.jtb.resource => org/netbeans/installer/product/components/netbeans-license-jtb.txt
[2024-08-08 15:11:49.620]:             loading nbi.wizard.ui.swing.frame.minimum.width.default => 600
[2024-08-08 15:11:49.620]:             loading nbi.wizard.ui.swing.frame.height.motif => 470
[2024-08-08 15:11:49.620]:             loading nbi.wizard.ui.swing.frame.height.aqua => 480
[2024-08-08 15:11:49.620]:             loading nbi.wizard.ui.swing.frame.minimum.width.win.xp => 600
[2024-08-08 15:11:49.620]:             loading nbi.wizard.ui.swing.frame.minimum.height.aqua => 480
[2024-08-08 15:11:49.620]:             loading nbi.overall.license.jdk6.resource => org/netbeans/installer/product/components/netbeans-license-jdk6.txt
[2024-08-08 15:11:49.620]:             loading nbi.wizard.ui.swing.frame.minimum.height.default => 500
[2024-08-08 15:11:49.620]:             loading nbi.product.suggest.install => true
[2024-08-08 15:11:49.620]:             loading nbi.overall.license.mysql.resource => org/netbeans/installer/product/components/netbeans-license-mysql.txt
[2024-08-08 15:11:49.620]:             loading nbi.wizard.ui.swing.frame.icon => resource:org/netbeans/installer/wizard/wizard-icon.png
[2024-08-08 15:11:49.620]:             loading nbi.wizard.ui.swing.frame.minimum.height.gtk => 528
[2024-08-08 15:11:49.620]:             loading nbi.wizard.ui.swing.frame.width.aqua => 640
[2024-08-08 15:11:49.620]:             loading nbi.wizard.ui.swing.frame.minimum.height.motif => 470
[2024-08-08 15:11:49.620]:             loading nbi.wizard.ui.swing.frame.width.motif => 624
[2024-08-08 15:11:49.620]:             loading nbi.product.remove.corrupted.products.silently => true
[2024-08-08 15:11:49.620]:             loading nbi.wizard.ui.swing.frame.minimum.width.win.classic => 588
[2024-08-08 15:11:49.620]:             loading nbi.wizard.ui.swing.welcome.left.bottom.image => resource:org/netbeans/installer/wizard/components/panels/netbeans/resources/welcome-left-bottom.png
[2024-08-08 15:11:49.620]:             loading nbi.overall.license.resource => org/netbeans/installer/product/components/netbeans-license.txt
[2024-08-08 15:11:49.620]:             loading nbi.macosx.application.directory.name => NetBeans IDE Installer
[2024-08-08 15:11:49.620]:             loading nbi.wizard.ui.swing.frame.height.gtk => 528
[2024-08-08 15:11:49.620]:             loading nbi.wizard.ui.swing.frame.minimum.width.metal => 624
[2024-08-08 15:11:49.620]:             loading nbi.wizard.ui.swing.frame.minimum.width.motif => 624
[2024-08-08 15:11:49.620]:             loading nbi.wizard.ui.swing.frame.height.metal => 470
[2024-08-08 15:11:49.620]:             loading nbi.wizard.ui.swing.frame.minimum.width.gtk => 704
[2024-08-08 15:11:49.620]:             loading nbi.junit.license.resource => org/netbeans/installer/product/components/junit-license.txt
[2024-08-08 15:11:49.620]:             loading nbi.wizard.ui.swing.frame.width.metal => 624
[2024-08-08 15:11:49.620]:             loading nbi.wizard.ui.swing.frame.height.win.classic => 442
[2024-08-08 15:11:49.620]:             loading nbi.wizard.ui.swing.frame.height.win.xp => 450
[2024-08-08 15:11:49.620]:             loading nbi.wizard.ui.swing.frame.height.default => 500
[2024-08-08 15:11:49.621]:             loading nbi.wizard.ui.swing.frame.height.nimbus => 512
[2024-08-08 15:11:49.621]:             loading nbi.overall.license.javafx.resource => org/netbeans/installer/product/components/netbeans-license-javafx.txt
[2024-08-08 15:11:49.621]:             loading nbi.wizard.ui.swing.frame.title.pattern => {0}
[2024-08-08 15:11:49.621]:             loading nbi.wizard.ui.swing.frame.width.win.classic => 588
[2024-08-08 15:11:49.621]:             loading nbi.wizard.ui.swing.frame.minimum.width.aqua => 640
[2024-08-08 15:11:49.621]:             loading nbi.wizard.ui.swing.frame.minimum.height.metal => 470
[2024-08-08 15:11:49.621]:     ... finished loading engine properties
[2024-08-08 15:11:49.621]:     exiting -- org.netbeans.installer.Installer.<init>():103
[2024-08-08 15:11:49.621]:     initializing the local directory
[2024-08-08 15:11:49.621]:         ... custom local directory was not specified, using the default
[2024-08-08 15:11:49.621]:         ... local directory: C:\Users\ngzhe\.nbi
[2024-08-08 15:11:49.621]:     ... finished initializing local directory
[2024-08-08 15:11:49.665]:     entering -- org.netbeans.installer.Installer.<init>():109
[2024-08-08 15:11:49.665]:     ... initializing DownloadManager
[2024-08-08 15:11:49.670]:         file not exist, queue is empty!
[2024-08-08 15:11:49.676]:     ... end of initializing DownloadManager
[2024-08-08 15:11:49.676]:     exiting -- org.netbeans.installer.Installer.<init>():109
[2024-08-08 15:11:49.676]:     entering -- org.netbeans.installer.Installer.<init>():110
[2024-08-08 15:11:49.676]:     ... initializing Registry
[2024-08-08 15:11:49.686]:     ... end of initializing ErrorHandler
[2024-08-08 15:11:49.686]:     exiting -- org.netbeans.installer.Installer.<init>():110
[2024-08-08 15:11:49.686]:     entering -- org.netbeans.installer.Installer.<init>():111
[2024-08-08 15:11:49.686]:     ... initializing Wizard
[2024-08-08 15:11:49.893]:         ... loading registry from resource:data/registry.xml
[2024-08-08 15:11:49.998]:         entering -- org.netbeans.installer.product.Registry.loadProductRegistry():982
[2024-08-08 15:11:49.998]:         validating previous installations
[2024-08-08 15:11:49.999]:         ... validating installations finished
[2024-08-08 15:11:49.999]:         exiting -- org.netbeans.installer.product.Registry.loadProductRegistry():982
[2024-08-08 15:11:50.009]:         Can`t load message in bundle org.netbeans.installer.wizard.components.panels.netbeans.Bundle for key NPrISP.installation.folders using [sun.misc.Launcher$AppClassLoader@5c647e05] classloader
[2024-08-08 15:11:50.024]:     ... end of initializing Wizard
[2024-08-08 15:11:50.024]:     exiting -- org.netbeans.installer.Installer.<init>():111
[2024-08-08 15:11:50.024]:     creating lock file
[2024-08-08 15:11:50.025]:         ... created lock file: C:\Users\ngzhe\.nbi\.nbilock
[2024-08-08 15:11:50.025]:     finished creating lock file
[2024-08-08 15:11:50.025]: ... finished initializing the engine
[2024-08-08 15:11:50.025]: exiting -- org.netbeans.installer.Installer.main():61
[2024-08-08 15:11:50.025]: entering -- org.netbeans.installer.Installer.main():61
[2024-08-08 15:11:50.025]: starting the installer
[2024-08-08 15:11:50.029]:     ... initializing look and feel
[2024-08-08 15:11:50.029]:         ... custom look and feel class name was not specified, using system default
[2024-08-08 15:11:50.131]:         ... class name: com.sun.java.swing.plaf.windows.WindowsLookAndFeel
[2024-08-08 15:11:50.131]:         ... get installed L&Fs
[2024-08-08 15:11:50.151]:         ... set specified L&F
[2024-08-08 15:11:50.171]:         ... check headless
[2024-08-08 15:11:50.171]:         ... creating JFileChooser object to check possible issues with UI
[2024-08-08 15:11:50.802]:         ... getting default Toolkit to check possible issues with UI
[2024-08-08 15:11:50.802]:         ... creating JProgressBar object to check possible issues with UI
[2024-08-08 15:11:50.805]:         ... all UI checks done
[2024-08-08 15:11:50.805]:         ... L&F is set
[2024-08-08 15:11:50.806]:     ... initializing L&F finished
[2024-08-08 15:11:50.960]:     NameResolver - to parse &Help!
[2024-08-08 15:11:50.967]:     NameResolver - to parse < &Back
[2024-08-08 15:11:50.968]:     NameResolver - to parse &Next >
[2024-08-08 15:11:50.970]:     NameResolver - to parse Cancel
[2024-08-08 15:11:50.979]:     NameResolver - to parse Configuring the Installer...
[2024-08-08 15:11:50.979]:     NameResolver - to parse Configuring the Installer...
[2024-08-08 15:11:50.993]:     NameResolver - to parse Configuring the Installer...
[2024-08-08 15:11:50.994]:     NameResolver - to parse Configuring the Installer...
[2024-08-08 15:11:50.994]:     NameResolver - to parse Please wait while Apache NetBeans IDE installer initializes
[2024-08-08 15:11:51.037]:     NameResolver - to parse Configuring the Installer...
[2024-08-08 15:11:51.038]:     NameResolver - to parse Please wait while Apache NetBeans IDE installer initializes
[2024-08-08 15:11:51.039]: ... finished starting the installer
[2024-08-08 15:11:51.039]: exiting -- org.netbeans.installer.Installer.main():61
[2024-08-08 15:11:51.039]: NameResolver - to parse Configuring the Installer...
[2024-08-08 15:11:51.041]: entering -- org.netbeans.installer.wizard.components.actions.InitializeRegistryAction.execute():53
[2024-08-08 15:11:51.041]: initializing product registry
[2024-08-08 15:11:51.041]:     entering -- org.netbeans.installer.product.Registry.initializeRegistry():171
[2024-08-08 15:11:51.041]:     initializing product registry properties
[2024-08-08 15:11:51.041]:         initializing local product cache directory
[2024-08-08 15:11:51.042]:         ... C:\Users\ngzhe\.nbi\product-cache
[2024-08-08 15:11:51.042]:         initializing local product registry file
[2024-08-08 15:11:51.043]:             ... C:\Users\ngzhe\.nbi\registry.xml
[2024-08-08 15:11:51.043]:             initializing local product registry stub uri
[2024-08-08 15:11:51.043]:             ... resource:org/netbeans/installer/product/default-registry.xml
[2024-08-08 15:11:51.043]:             initializing bundled product registry uri
[2024-08-08 15:11:51.043]:             ... resource:data/registry.xml
[2024-08-08 15:11:51.043]:             initializing product registry schema uri
[2024-08-08 15:11:51.043]:             ... resource:org/netbeans/installer/product/registry.xsd
[2024-08-08 15:11:51.043]:             initializing remote product registries uris
[2024-08-08 15:11:51.043]:             initializing state file schema uri
[2024-08-08 15:11:51.044]:             ... resource:org/netbeans/installer/product/state-file.xsd
[2024-08-08 15:11:51.044]:             initializing default state file uri
[2024-08-08 15:11:51.044]:             ... resource:org/netbeans/installer/product/default-state-file.xml
[2024-08-08 15:11:51.044]:             initializing target platform
[2024-08-08 15:11:51.044]:             ... windows-x64
[2024-08-08 15:11:51.045]:     initializing product registry properties
[2024-08-08 15:11:51.045]:     exiting -- org.netbeans.installer.product.Registry.initializeRegistry():171
[2024-08-08 15:11:51.053]:     ... loading registry from file:/C:/Users/ngzhe/.nbi/registry.xml
[2024-08-08 15:11:51.119]:     entering -- org.netbeans.installer.product.Registry.loadProductRegistry():982
[2024-08-08 15:11:51.120]:     validating previous installations
[2024-08-08 15:11:51.152]:         NameResolver - to parse C:\Program Files\NetBeans-21
[2024-08-08 15:11:51.158]:         NameResolver - to parse C:\Program Files\NetBeans-21
[2024-08-08 15:11:51.161]:         NameResolver - to parse C:\Program Files\NetBeans-21
[2024-08-08 15:11:51.166]:         NameResolver - to parse C:\Program Files\NetBeans-21
[2024-08-08 15:11:51.170]:         NameResolver - to parse C:\Program Files\NetBeans-21
[2024-08-08 15:11:51.172]:         NameResolver - to parse C:\Program Files\NetBeans-21
[2024-08-08 15:11:51.173]:     ... validating installations finished
[2024-08-08 15:11:51.173]:     exiting -- org.netbeans.installer.product.Registry.loadProductRegistry():982
[2024-08-08 15:11:51.173]:     ... loading registry from resource:data/registry.xml
[2024-08-08 15:11:51.199]:     entering -- org.netbeans.installer.product.Registry.loadProductRegistry():982
[2024-08-08 15:11:51.199]:     validating previous installations
[2024-08-08 15:11:51.199]:         NameResolver - to parse C:\Program Files\NetBeans-21
[2024-08-08 15:11:51.200]:         NameResolver - to parse C:\Program Files\NetBeans-21
[2024-08-08 15:11:51.201]:         NameResolver - to parse C:\Program Files\NetBeans-21
[2024-08-08 15:11:51.201]:         NameResolver - to parse C:\Program Files\NetBeans-21
[2024-08-08 15:11:51.202]:         NameResolver - to parse C:\Program Files\NetBeans-21
[2024-08-08 15:11:51.203]:         NameResolver - to parse C:\Program Files\NetBeans-21
[2024-08-08 15:11:51.203]:     ... validating installations finished
[2024-08-08 15:11:51.203]:     exiting -- org.netbeans.installer.product.Registry.loadProductRegistry():982
[2024-08-08 15:11:51.204]: ... product registry initialization complete
[2024-08-08 15:11:51.204]: exiting -- org.netbeans.installer.wizard.components.actions.InitializeRegistryAction.execute():53
[2024-08-08 15:11:51.204]: ... bundledProductSkip = null
[2024-08-08 15:11:51.204]: ... bundledProductToInstall = null
[2024-08-08 15:11:51.215]: NameResolver - to parse resource:org/netbeans/installer/wizard/components/panels/netbeans/resources/welcome-left-bottom.png
[2024-08-08 15:11:51.221]: NameResolver - to parse &Help!
[2024-08-08 15:11:51.222]: NameResolver - to parse < &Back
[2024-08-08 15:11:51.223]: NameResolver - to parse &Next >
[2024-08-08 15:11:51.223]: NameResolver - to parse Cancel
[2024-08-08 15:11:51.224]: NameResolver - to parse <html><h2 style="color: #FF8E00; bold">Welcome to the Apache NetBeans IDE 21 Installer</h2>
[2024-08-08 15:11:51.224]: NameResolver - to parse </html>
[2024-08-08 15:11:51.224]: NameResolver - to parse text/html
[2024-08-08 15:11:51.253]: NameResolver - to parse <html>
[2024-08-08 15:11:51.253]: NameResolver - to parse The installer will install the NetBeans IDE with the following packs and runtimes.<br>Click Customize to select the packs and runtimes to install.<br><br>
[2024-08-08 15:11:51.253]: NameResolver - to parse text/html
[2024-08-08 15:11:51.256]: NameResolver - to parse <html>
[2024-08-08 15:11:51.256]: NameResolver - to parse {0} <span style="color: gray">(Already Installed)</span><br>
[2024-08-08 15:11:51.256]: NameResolver - to parse {0} <span style="color: gray">(Already Installed)</span><br>
[2024-08-08 15:11:51.256]: NameResolver - to parse {0} <span style="color: gray">(Already Installed)</span><br>
[2024-08-08 15:11:51.257]: NameResolver - to parse {0} <span style="color: gray">(Already Installed)</span><br>
[2024-08-08 15:11:51.257]: NameResolver - to parse {0} <span style="color: gray">(Already Installed)</span><br>
[2024-08-08 15:11:51.257]: NameResolver - to parse </html>
[2024-08-08 15:11:51.257]: NameResolver - to parse text/html
[2024-08-08 15:11:51.262]: NameResolver - to parse &Customize...
[2024-08-08 15:11:51.269]: NameResolver - to parse All of the available components are already installed. Click Cancel to exit the installer.
[2024-08-08 15:11:51.276]: NameResolver - to parse All of the available components are already installed. Click Cancel to exit the installer.
[2024-08-08 15:11:51.287]: NameResolver - to parse <dummy description>
[2024-08-08 15:11:53.284]: NameResolver - to parse All of the available components are already installed. Click Cancel to exit the installer.
[2024-08-08 15:11:55.297]: NameResolver - to parse All of the available components are already installed. Click Cancel to exit the installer.
[2024-08-08 15:11:55.999]: NameResolver - to parse Cancel
[2024-08-08 15:11:55.999]: NameResolver - to parse Are you sure you want to cancel?
[2024-08-08 15:11:56.000]: ... showing Yes/No dialog
[2024-08-08 15:11:56.000]:     title: Cancel
[2024-08-08 15:11:56.000]:     message: Are you sure you want to cancel?
[2024-08-08 15:11:58.805]: ... dialog closed, choice : yes
